# JRE version: Java(TM) SE Runtime Environment (23.0.2+7) (build 23.0.2+7-58)
# Java VM: Java HotSpot(TM) 64-Bit Server VM (23.0.2+7-58, mixed mode, sharing, tiered, compressed oops, compressed class ptrs, g1 gc, windows-amd64)
GC Precious Log:
 CardTable entry size: 512
 Card Set container configuration: InlinePtr #cards 4 size 8 Array Of Cards #cards 16 size 48 Howl #buckets 8 coarsen threshold 3686 Howl Bitmap #cards 512 size 80 coarsen threshold 460 Card regions per heap region 1 cards per card region 4096
 CPUs: 12 total, 12 available
 Memory: 15690M
 Large Page Support: Disabled
 NUMA Support: Disabled
 Compressed Oops: Enabled (Zero based)
 Heap Region Size: 2M
 Heap Min Capacity: 8M
 Heap Initial Capacity: 246M
 Heap Max Capacity: 3924M
 Pre-touch: Disabled
 Parallel Workers: 10
 Concurrent Workers: 3
 Concurrent Refinement Workers: 10
 Periodic GC: Disabled
Heap:
 garbage-first heap   total reserved 4018176K, committed 151552K, used 55435K [0x000000070ac00000, 0x0000000800000000)
  region size 2048K, 7 young (14336K), 1 survivors (2048K)
 Metaspace       used 26025K, committed 26432K, reserved 1114112K
  class space    used 2777K, committed 2944K, reserved 1048576K
GC Heap History (20 events):
Event: 1863.816 GC heap before
{Heap before GC invocations=138 (full 0):
 garbage-first heap   total reserved 4018176K, committed 151552K, used 130591K [0x000000070ac00000, 0x0000000800000000)
  region size 2048K, 44 young (90112K), 2 survivors (4096K)
 Metaspace       used 26021K, committed 26432K, reserved 1114112K
  class space    used 2776K, committed 2944K, reserved 1048576K
}
Event: 1863.818 GC heap after
{Heap after GC invocations=139 (full 0):
 garbage-first heap   total reserved 4018176K, committed 151552K, used 45260K [0x000000070ac00000, 0x0000000800000000)
  region size 2048K, 1 young (2048K), 1 survivors (2048K)
 Metaspace       used 26021K, committed 26432K, reserved 1114112K
  class space    used 2776K, committed 2944K, reserved 1048576K
}
Event: 1882.540 GC heap before
{Heap before GC invocations=139 (full 0):
 garbage-first heap   total reserved 4018176K, committed 151552K, used 131276K [0x000000070ac00000, 0x0000000800000000)
  region size 2048K, 44 young (90112K), 1 survivors (2048K)
 Metaspace       used 26021K, committed 26432K, reserved 1114112K
  class space    used 2776K, committed 2944K, reserved 1048576K
}
Event: 1882.542 GC heap after
{Heap after GC invocations=140 (full 0):
 garbage-first heap   total reserved 4018176K, committed 151552K, used 46365K [0x000000070ac00000, 0x0000000800000000)
  region size 2048K, 2 young (4096K), 2 survivors (4096K)
 Metaspace       used 26021K, committed 26432K, reserved 1114112K
  class space    used 2776K, committed 2944K, reserved 1048576K
}
Event: 1898.502 GC heap before
{Heap before GC invocations=140 (full 0):
 garbage-first heap   total reserved 4018176K, committed 151552K, used 130333K [0x000000070ac00000, 0x0000000800000000)
  region size 2048K, 44 young (90112K), 2 survivors (4096K)
 Metaspace       used 26021K, committed 26432K, reserved 1114112K
  class space    used 2776K, committed 2944K, reserved 1048576K
}
Event: 1898.503 GC heap after
{Heap after GC invocations=141 (full 0):
 garbage-first heap   total reserved 4018176K, committed 151552K, used 45272K [0x000000070ac00000, 0x0000000800000000)
  region size 2048K, 1 young (2048K), 1 survivors (2048K)
 Metaspace       used 26021K, committed 26432K, reserved 1114112K
  class space    used 2776K, committed 2944K, reserved 1048576K
}
Event: 1910.020 GC heap before
{Heap before GC invocations=141 (full 0):
 garbage-first heap   total reserved 4018176K, committed 151552K, used 131288K [0x000000070ac00000, 0x0000000800000000)
  region size 2048K, 44 young (90112K), 1 survivors (2048K)
 Metaspace       used 26023K, committed 26432K, reserved 1114112K
  class space    used 2776K, committed 2944K, reserved 1048576K
}
Event: 1910.022 GC heap after
{Heap after GC invocations=142 (full 0):
 garbage-first heap   total reserved 4018176K, committed 151552K, used 45214K [0x000000070ac00000, 0x0000000800000000)
  region size 2048K, 1 young (2048K), 1 survivors (2048K)
 Metaspace       used 26023K, committed 26432K, reserved 1114112K
  class space    used 2776K, committed 2944K, reserved 1048576K
}
Event: 1918.007 GC heap before
{Heap before GC invocations=142 (full 0):
 garbage-first heap   total reserved 4018176K, committed 151552K, used 133278K [0x000000070ac00000, 0x0000000800000000)
  region size 2048K, 44 young (90112K), 1 survivors (2048K)
 Metaspace       used 26023K, committed 26432K, reserved 1114112K
  class space    used 2776K, committed 2944K, reserved 1048576K
}
Event: 1918.009 GC heap after
{Heap after GC invocations=143 (full 0):
 garbage-first heap   total reserved 4018176K, committed 151552K, used 45183K [0x000000070ac00000, 0x0000000800000000)
  region size 2048K, 1 young (2048K), 1 survivors (2048K)
 Metaspace       used 26023K, committed 26432K, reserved 1114112K
  class space    used 2776K, committed 2944K, reserved 1048576K
}
Event: 1925.821 GC heap before
{Heap before GC invocations=143 (full 0):
 garbage-first heap   total reserved 4018176K, committed 151552K, used 133247K [0x000000070ac00000, 0x0000000800000000)
  region size 2048K, 44 young (90112K), 1 survivors (2048K)
 Metaspace       used 26023K, committed 26432K, reserved 1114112K
  class space    used 2776K, committed 2944K, reserved 1048576K
}
Event: 1925.824 GC heap after
{Heap after GC invocations=144 (full 0):
 garbage-first heap   total reserved 4018176K, committed 151552K, used 45195K [0x000000070ac00000, 0x0000000800000000)
  region size 2048K, 1 young (2048K), 1 survivors (2048K)
 Metaspace       used 26023K, committed 26432K, reserved 1114112K
  class space    used 2776K, committed 2944K, reserved 1048576K
}
Event: 1933.728 GC heap before
{Heap before GC invocations=144 (full 0):
 garbage-first heap   total reserved 4018176K, committed 151552K, used 131211K [0x000000070ac00000, 0x0000000800000000)
  region size 2048K, 44 young (90112K), 1 survivors (2048K)
 Metaspace       used 26023K, committed 26432K, reserved 1114112K
  class space    used 2776K, committed 2944K, reserved 1048576K
}
Event: 1933.729 GC heap after
{Heap after GC invocations=145 (full 0):
 garbage-first heap   total reserved 4018176K, committed 151552K, used 45198K [0x000000070ac00000, 0x0000000800000000)
  region size 2048K, 1 young (2048K), 1 survivors (2048K)
 Metaspace       used 26023K, committed 26432K, reserved 1114112K
  class space    used 2776K, committed 2944K, reserved 1048576K
}
Event: 1941.867 GC heap before
{Heap before GC invocations=145 (full 0):
 garbage-first heap   total reserved 4018176K, committed 151552K, used 133262K [0x000000070ac00000, 0x0000000800000000)
  region size 2048K, 44 young (90112K), 1 survivors (2048K)
 Metaspace       used 26023K, committed 26432K, reserved 1114112K
  class space    used 2776K, committed 2944K, reserved 1048576K
}
Event: 1941.869 GC heap after
{Heap after GC invocations=146 (full 0):
 garbage-first heap   total reserved 4018176K, committed 151552K, used 45145K [0x000000070ac00000, 0x0000000800000000)
  region size 2048K, 1 young (2048K), 1 survivors (2048K)
 Metaspace       used 26023K, committed 26432K, reserved 1114112K
  class space    used 2776K, committed 2944K, reserved 1048576K
}
Event: 1949.838 GC heap before
{Heap before GC invocations=146 (full 0):
 garbage-first heap   total reserved 4018176K, committed 151552K, used 133209K [0x000000070ac00000, 0x0000000800000000)
  region size 2048K, 44 young (90112K), 1 survivors (2048K)
 Metaspace       used 26023K, committed 26432K, reserved 1114112K
  class space    used 2776K, committed 2944K, reserved 1048576K
}
Event: 1949.840 GC heap after
{Heap after GC invocations=147 (full 0):
 garbage-first heap   total reserved 4018176K, committed 151552K, used 45171K [0x000000070ac00000, 0x0000000800000000)
  region size 2048K, 1 young (2048K), 1 survivors (2048K)
 Metaspace       used 26023K, committed 26432K, reserved 1114112K
  class space    used 2776K, committed 2944K, reserved 1048576K
}
Event: 1957.446 GC heap before
{Heap before GC invocations=147 (full 0):
 garbage-first heap   total reserved 4018176K, committed 151552K, used 133235K [0x000000070ac00000, 0x0000000800000000)
  region size 2048K, 44 young (90112K), 1 survivors (2048K)
 Metaspace       used 26023K, committed 26432K, reserved 1114112K
  class space    used 2776K, committed 2944K, reserved 1048576K
}
Event: 1957.448 GC heap after
{Heap after GC invocations=148 (full 0):
 garbage-first heap   total reserved 4018176K, committed 151552K, used 45195K [0x000000070ac00000, 0x0000000800000000)
  region size 2048K, 1 young (2048K), 1 survivors (2048K)
 Metaspace       used 26023K, committed 26432K, reserved 1114112K
  class space    used 2776K, committed 2944K, reserved 1048576K
}

