# JRE version: Java(TM) SE Runtime Environment (23.0.2+7) (build 23.0.2+7-58)
# Java VM: Java HotSpot(TM) 64-Bit Server VM (23.0.2+7-58, mixed mode, sharing, tiered, compressed oops, compressed class ptrs, g1 gc, windows-amd64)
GC Precious Log:
 CardTable entry size: 512
 Card Set container configuration: InlinePtr #cards 4 size 8 Array Of Cards #cards 32 size 80 Howl #buckets 8 coarsen threshold 7372 Howl Bitmap #cards 1024 size 144 coarsen threshold 921 Card regions per heap region 1 cards per card region 8192
 CPUs: 8 total, 8 available
 Memory: 32565M
 Large Page Support: Disabled
 NUMA Support: Disabled
 Compressed Oops: Enabled (Zero based)
 Heap Region Size: 4M
 Heap Min Capacity: 8M
 Heap Initial Capacity: 512M
 Heap Max Capacity: 8144M
 Pre-touch: Disabled
 Parallel Workers: 8
 Concurrent Workers: 2
 Concurrent Refinement Workers: 8
 Periodic GC: Disabled
Heap:
 garbage-first heap   total reserved 8339456K, committed 81920K, used 56199K [0x0000000603000000, 0x0000000800000000)
  region size 4096K, 10 young (40960K), 1 survivors (4096K)
 Metaspace       used 23919K, committed 24448K, reserved 1114112K
  class space    used 2862K, committed 3072K, reserved 1048576K
GC Heap History (20 events):
Event: 683.680 GC heap before
{Heap before GC invocations=715 (full 0):
 garbage-first heap   total reserved 8339456K, committed 81920K, used 60305K [0x0000000603000000, 0x0000000800000000)
  region size 4096K, 11 young (45056K), 1 survivors (4096K)
 Metaspace       used 23918K, committed 24448K, reserved 1114112K
  class space    used 2861K, committed 3072K, reserved 1048576K
}
Event: 683.681 GC heap after
{Heap after GC invocations=716 (full 0):
 garbage-first heap   total reserved 8339456K, committed 81920K, used 23430K [0x0000000603000000, 0x0000000800000000)
  region size 4096K, 1 young (4096K), 1 survivors (4096K)
 Metaspace       used 23918K, committed 24448K, reserved 1114112K
  class space    used 2861K, committed 3072K, reserved 1048576K
}
Event: 684.747 GC heap before
{Heap before GC invocations=716 (full 0):
 garbage-first heap   total reserved 8339456K, committed 81920K, used 60294K [0x0000000603000000, 0x0000000800000000)
  region size 4096K, 11 young (45056K), 1 survivors (4096K)
 Metaspace       used 23918K, committed 24448K, reserved 1114112K
  class space    used 2861K, committed 3072K, reserved 1048576K
}
Event: 684.748 GC heap after
{Heap after GC invocations=717 (full 0):
 garbage-first heap   total reserved 8339456K, committed 81920K, used 23429K [0x0000000603000000, 0x0000000800000000)
  region size 4096K, 1 young (4096K), 1 survivors (4096K)
 Metaspace       used 23918K, committed 24448K, reserved 1114112K
  class space    used 2861K, committed 3072K, reserved 1048576K
}
Event: 685.836 GC heap before
{Heap before GC invocations=717 (full 0):
 garbage-first heap   total reserved 8339456K, committed 81920K, used 60293K [0x0000000603000000, 0x0000000800000000)
  region size 4096K, 11 young (45056K), 1 survivors (4096K)
 Metaspace       used 23918K, committed 24448K, reserved 1114112K
  class space    used 2861K, committed 3072K, reserved 1048576K
}
Event: 685.838 GC heap after
{Heap after GC invocations=718 (full 0):
 garbage-first heap   total reserved 8339456K, committed 81920K, used 23427K [0x0000000603000000, 0x0000000800000000)
  region size 4096K, 1 young (4096K), 1 survivors (4096K)
 Metaspace       used 23918K, committed 24448K, reserved 1114112K
  class space    used 2861K, committed 3072K, reserved 1048576K
}
Event: 686.941 GC heap before
{Heap before GC invocations=718 (full 0):
 garbage-first heap   total reserved 8339456K, committed 81920K, used 60291K [0x0000000603000000, 0x0000000800000000)
  region size 4096K, 11 young (45056K), 1 survivors (4096K)
 Metaspace       used 23918K, committed 24448K, reserved 1114112K
  class space    used 2861K, committed 3072K, reserved 1048576K
}
Event: 686.942 GC heap after
{Heap after GC invocations=719 (full 0):
 garbage-first heap   total reserved 8339456K, committed 81920K, used 23456K [0x0000000603000000, 0x0000000800000000)
  region size 4096K, 1 young (4096K), 1 survivors (4096K)
 Metaspace       used 23918K, committed 24448K, reserved 1114112K
  class space    used 2861K, committed 3072K, reserved 1048576K
}
Event: 687.942 GC heap before
{Heap before GC invocations=719 (full 0):
 garbage-first heap   total reserved 8339456K, committed 81920K, used 64416K [0x0000000603000000, 0x0000000800000000)
  region size 4096K, 11 young (45056K), 1 survivors (4096K)
 Metaspace       used 23918K, committed 24448K, reserved 1114112K
  class space    used 2861K, committed 3072K, reserved 1048576K
}
Event: 687.944 GC heap after
{Heap after GC invocations=720 (full 0):
 garbage-first heap   total reserved 8339456K, committed 81920K, used 23444K [0x0000000603000000, 0x0000000800000000)
  region size 4096K, 1 young (4096K), 1 survivors (4096K)
 Metaspace       used 23918K, committed 24448K, reserved 1114112K
  class space    used 2861K, committed 3072K, reserved 1048576K
}
Event: 688.844 GC heap before
{Heap before GC invocations=720 (full 0):
 garbage-first heap   total reserved 8339456K, committed 81920K, used 60308K [0x0000000603000000, 0x0000000800000000)
  region size 4096K, 11 young (45056K), 1 survivors (4096K)
 Metaspace       used 23918K, committed 24448K, reserved 1114112K
  class space    used 2861K, committed 3072K, reserved 1048576K
}
Event: 688.846 GC heap after
{Heap after GC invocations=721 (full 0):
 garbage-first heap   total reserved 8339456K, committed 81920K, used 23452K [0x0000000603000000, 0x0000000800000000)
  region size 4096K, 1 young (4096K), 1 survivors (4096K)
 Metaspace       used 23918K, committed 24448K, reserved 1114112K
  class space    used 2861K, committed 3072K, reserved 1048576K
}
Event: 689.717 GC heap before
{Heap before GC invocations=721 (full 0):
 garbage-first heap   total reserved 8339456K, committed 81920K, used 64412K [0x0000000603000000, 0x0000000800000000)
  region size 4096K, 11 young (45056K), 1 survivors (4096K)
 Metaspace       used 23918K, committed 24448K, reserved 1114112K
  class space    used 2861K, committed 3072K, reserved 1048576K
}
Event: 689.719 GC heap after
{Heap after GC invocations=722 (full 0):
 garbage-first heap   total reserved 8339456K, committed 81920K, used 23442K [0x0000000603000000, 0x0000000800000000)
  region size 4096K, 1 young (4096K), 1 survivors (4096K)
 Metaspace       used 23918K, committed 24448K, reserved 1114112K
  class space    used 2861K, committed 3072K, reserved 1048576K
}
Event: 690.654 GC heap before
{Heap before GC invocations=722 (full 0):
 garbage-first heap   total reserved 8339456K, committed 81920K, used 60306K [0x0000000603000000, 0x0000000800000000)
  region size 4096K, 11 young (45056K), 1 survivors (4096K)
 Metaspace       used 23918K, committed 24448K, reserved 1114112K
  class space    used 2861K, committed 3072K, reserved 1048576K
}
Event: 690.656 GC heap after
{Heap after GC invocations=723 (full 0):
 garbage-first heap   total reserved 8339456K, committed 81920K, used 23431K [0x0000000603000000, 0x0000000800000000)
  region size 4096K, 1 young (4096K), 1 survivors (4096K)
 Metaspace       used 23918K, committed 24448K, reserved 1114112K
  class space    used 2861K, committed 3072K, reserved 1048576K
}
Event: 691.649 GC heap before
{Heap before GC invocations=723 (full 0):
 garbage-first heap   total reserved 8339456K, committed 81920K, used 64391K [0x0000000603000000, 0x0000000800000000)
  region size 4096K, 11 young (45056K), 1 survivors (4096K)
 Metaspace       used 23918K, committed 24448K, reserved 1114112K
  class space    used 2861K, committed 3072K, reserved 1048576K
}
Event: 691.651 GC heap after
{Heap after GC invocations=724 (full 0):
 garbage-first heap   total reserved 8339456K, committed 81920K, used 23442K [0x0000000603000000, 0x0000000800000000)
  region size 4096K, 1 young (4096K), 1 survivors (4096K)
 Metaspace       used 23918K, committed 24448K, reserved 1114112K
  class space    used 2861K, committed 3072K, reserved 1048576K
}
Event: 692.695 GC heap before
{Heap before GC invocations=724 (full 0):
 garbage-first heap   total reserved 8339456K, committed 81920K, used 60306K [0x0000000603000000, 0x0000000800000000)
  region size 4096K, 11 young (45056K), 1 survivors (4096K)
 Metaspace       used 23918K, committed 24448K, reserved 1114112K
  class space    used 2861K, committed 3072K, reserved 1048576K
}
Event: 692.695 GC heap after
{Heap after GC invocations=725 (full 0):
 garbage-first heap   total reserved 8339456K, committed 81920K, used 23431K [0x0000000603000000, 0x0000000800000000)
  region size 4096K, 1 young (4096K), 1 survivors (4096K)
 Metaspace       used 23918K, committed 24448K, reserved 1114112K
  class space    used 2861K, committed 3072K, reserved 1048576K
}

